13-Sep-2022 16:08:43.999 INFO [http-nio-8080-exec-4] org.apache.catalina.core.ApplicationContext.log Manager: init: Associated with Deployer 'Catalina:type=Deployer,host=localhost'
13-Sep-2022 16:08:44.008 INFO [http-nio-8080-exec-4] org.apache.catalina.core.ApplicationContext.log Manager: init: Global resources are available
13-Sep-2022 16:08:44.111 INFO [http-nio-8080-exec-6] org.apache.catalina.core.ApplicationContext.log Manager: list: Listing contexts for virtual host 'localhost'
13-Sep-2022 16:08:44.124 INFO [http-nio-8080-exec-9] org.apache.catalina.core.ApplicationContext.log Manager: list: Listing contexts for virtual host 'localhost'
13-Sep-2022 16:08:44.184 INFO [http-nio-8080-exec-8] org.apache.catalina.core.ApplicationContext.log Manager: undeploy: Undeploying web application at '/mavenproject1'
13-Sep-2022 16:08:44.766 INFO [http-nio-8080-exec-2] org.apache.catalina.core.ApplicationContext.log Manager: install: Installing context configuration at 'file:/tmp/context17168792618804752558.xml'
13-Sep-2022 16:08:44.812 INFO [http-nio-8080-exec-3] org.apache.catalina.core.ApplicationContext.log Manager: start: Starting web application '/mavenproject1'
13-Sep-2022 16:11:31.477 INFO [http-nio-8080-exec-11] org.apache.catalina.core.ApplicationContext.log Manager: list: Listing contexts for virtual host 'localhost'
13-Sep-2022 16:11:31.526 INFO [http-nio-8080-exec-12] org.apache.catalina.core.ApplicationContext.log Manager: restart: Reloading web application '/mavenproject1'
13-Sep-2022 16:13:16.116 INFO [http-nio-8080-exec-20] org.apache.catalina.core.ApplicationContext.log Manager: list: Listing contexts for virtual host 'localhost'
13-Sep-2022 16:13:16.134 INFO [http-nio-8080-exec-16] org.apache.catalina.core.ApplicationContext.log Manager: list: Listing contexts for virtual host 'localhost'
13-Sep-2022 16:13:16.155 INFO [http-nio-8080-exec-13] org.apache.catalina.core.ApplicationContext.log Manager: undeploy: Undeploying web application at '/mavenproject1'
13-Sep-2022 16:13:16.678 INFO [http-nio-8080-exec-12] org.apache.catalina.core.ApplicationContext.log Manager: install: Installing context configuration at 'file:/tmp/context4844519521032552961.xml'
13-Sep-2022 16:13:16.718 INFO [http-nio-8080-exec-15] org.apache.catalina.core.ApplicationContext.log Manager: start: Starting web application '/mavenproject1'
13-Sep-2022 16:26:27.523 INFO [http-nio-8049-exec-6] org.apache.catalina.core.ApplicationContext.log Manager: init: Associated with Deployer 'Catalina:type=Deployer,host=localhost'
13-Sep-2022 16:26:27.523 INFO [http-nio-8049-exec-6] org.apache.catalina.core.ApplicationContext.log Manager: init: Global resources are available
13-Sep-2022 16:26:44.042 INFO [http-nio-8049-exec-8] org.apache.catalina.core.ApplicationContext.log Manager: list: Listing contexts for virtual host 'localhost'
13-Sep-2022 16:26:54.030 INFO [http-nio-8049-exec-1] org.apache.catalina.core.ApplicationContext.log Manager: list: Listing contexts for virtual host 'localhost'
13-Sep-2022 16:26:54.045 INFO [http-nio-8049-exec-9] org.apache.catalina.core.ApplicationContext.log Manager: list: Listing contexts for virtual host 'localhost'
13-Sep-2022 16:26:54.266 INFO [http-nio-8049-exec-7] org.apache.catalina.core.ApplicationContext.log Manager: undeploy: Undeploying web application at '/First'
13-Sep-2022 16:26:54.926 INFO [http-nio-8049-exec-8] org.apache.catalina.core.ApplicationContext.log Manager: install: Installing context configuration at 'file:/tmp/context11250267241000501448.xml'
13-Sep-2022 16:26:56.033 INFO [http-nio-8049-exec-4] org.apache.catalina.core.ApplicationContext.log Manager: start: Starting web application '/First'
13-Sep-2022 16:27:38.751 INFO [http-nio-8049-exec-5] org.apache.catalina.core.ApplicationContext.log Manager: list: Listing contexts for virtual host 'localhost'
13-Sep-2022 16:27:38.758 INFO [http-nio-8049-exec-11] org.apache.catalina.core.ApplicationContext.log Manager: list: Listing contexts for virtual host 'localhost'
13-Sep-2022 16:34:54.868 INFO [http-nio-8049-exec-5] org.apache.catalina.core.ApplicationContext.log Manager: init: Associated with Deployer 'Catalina:type=Deployer,host=localhost'
13-Sep-2022 16:34:54.869 INFO [http-nio-8049-exec-5] org.apache.catalina.core.ApplicationContext.log Manager: init: Global resources are available
13-Sep-2022 16:34:54.973 INFO [http-nio-8049-exec-10] org.apache.catalina.core.ApplicationContext.log Manager: list: Listing contexts for virtual host 'localhost'
13-Sep-2022 16:34:54.989 INFO [http-nio-8049-exec-9] org.apache.catalina.core.ApplicationContext.log Manager: list: Listing contexts for virtual host 'localhost'
13-Sep-2022 16:37:03.457 INFO [http-nio-8049-exec-3] org.apache.catalina.core.ApplicationContext.log Manager: list: Listing contexts for virtual host 'localhost'
13-Sep-2022 16:37:03.465 INFO [http-nio-8049-exec-2] org.apache.catalina.core.ApplicationContext.log Manager: list: Listing contexts for virtual host 'localhost'
13-Sep-2022 16:40:24.536 INFO [http-nio-8049-exec-7] org.apache.catalina.core.ApplicationContext.log Manager: list: Listing contexts for virtual host 'localhost'
13-Sep-2022 16:41:39.787 INFO [http-nio-8049-exec-4] org.apache.catalina.core.ApplicationContext.log Manager: list: Listing contexts for virtual host 'localhost'
13-Sep-2022 16:41:39.875 INFO [http-nio-8049-exec-6] org.apache.catalina.core.ApplicationContext.log Manager: restart: Reloading web application '/First'
13-Sep-2022 16:42:41.915 INFO [http-nio-8049-exec-11] org.apache.catalina.core.ApplicationContext.log Manager: list: Listing contexts for virtual host 'localhost'
13-Sep-2022 16:42:41.986 INFO [http-nio-8049-exec-10] org.apache.catalina.core.ApplicationContext.log Manager: stop: Stopping web application '/First'
13-Sep-2022 16:42:42.014 INFO [http-nio-8049-exec-2] org.apache.catalina.core.ApplicationContext.log Manager: start: Starting web application '/First'
13-Sep-2022 16:43:01.040 INFO [http-nio-8049-exec-13] org.apache.catalina.core.ApplicationContext.log Manager: list: Listing contexts for virtual host 'localhost'
13-Sep-2022 16:43:01.050 INFO [http-nio-8049-exec-5] org.apache.catalina.core.ApplicationContext.log Manager: list: Listing contexts for virtual host 'localhost'
13-Sep-2022 16:43:01.142 INFO [http-nio-8049-exec-8] org.apache.catalina.core.ApplicationContext.log Manager: stop: Stopping web application '/First'
13-Sep-2022 16:43:01.165 INFO [http-nio-8049-exec-4] org.apache.catalina.core.ApplicationContext.log Manager: start: Starting web application '/First'
13-Sep-2022 16:44:01.967 INFO [http-nio-8049-exec-2] org.apache.catalina.core.ApplicationContext.log Manager: init: Associated with Deployer 'Catalina:type=Deployer,host=localhost'
13-Sep-2022 16:44:01.967 INFO [http-nio-8049-exec-2] org.apache.catalina.core.ApplicationContext.log Manager: init: Global resources are available
13-Sep-2022 16:44:03.844 INFO [http-nio-8049-exec-7] org.apache.catalina.core.ApplicationContext.log Manager: list: Listing contexts for virtual host 'localhost'
13-Sep-2022 16:44:03.863 INFO [http-nio-8049-exec-2] org.apache.catalina.core.ApplicationContext.log Manager: list: Listing contexts for virtual host 'localhost'
13-Sep-2022 16:44:03.944 INFO [http-nio-8049-exec-4] org.apache.catalina.core.ApplicationContext.log Manager: undeploy: Undeploying web application at '/First'
13-Sep-2022 16:44:04.608 INFO [http-nio-8049-exec-2] org.apache.catalina.core.ApplicationContext.log Manager: install: Installing context configuration at 'file:/tmp/context9535984004848328715.xml'
13-Sep-2022 16:44:04.687 INFO [http-nio-8049-exec-7] org.apache.catalina.core.ApplicationContext.log Manager: start: Starting web application '/First'
13-Sep-2022 16:45:55.916 INFO [http-nio-8049-exec-11] org.apache.catalina.core.ApplicationContext.log Manager: list: Listing contexts for virtual host 'localhost'
13-Sep-2022 16:45:55.946 INFO [http-nio-8049-exec-12] org.apache.catalina.core.ApplicationContext.log Manager: restart: Reloading web application '/First'
13-Sep-2022 16:45:58.397 INFO [http-nio-8049-exec-5] org.apache.catalina.core.ApplicationContext.log Manager: list: Listing contexts for virtual host 'localhost'
13-Sep-2022 16:45:58.412 INFO [http-nio-8049-exec-16] org.apache.catalina.core.ApplicationContext.log Manager: list: Listing contexts for virtual host 'localhost'
13-Sep-2022 16:45:58.435 INFO [http-nio-8049-exec-2] org.apache.catalina.core.ApplicationContext.log Manager: restart: Reloading web application '/First'
