10-Oct-2022 13:41:04.491 INFO [http-nio-8049-exec-5] org.apache.catalina.core.ApplicationContext.log Manager: init: Associated with Deployer 'Catalina:type=Deployer,host=localhost'
10-Oct-2022 13:41:04.494 INFO [http-nio-8049-exec-5] org.apache.catalina.core.ApplicationContext.log Manager: init: Global resources are available
10-Oct-2022 13:41:04.630 INFO [http-nio-8049-exec-1] org.apache.catalina.core.ApplicationContext.log Manager: list: Listing contexts for virtual host 'localhost'
10-Oct-2022 13:41:04.646 INFO [http-nio-8049-exec-10] org.apache.catalina.core.ApplicationContext.log Manager: list: Listing contexts for virtual host 'localhost'
10-Oct-2022 14:03:58.137 INFO [http-nio-8049-exec-8] org.apache.catalina.core.ApplicationContext.log Manager: list: Listing contexts for virtual host 'localhost'
10-Oct-2022 14:03:58.561 INFO [http-nio-8049-exec-10] org.apache.catalina.core.ApplicationContext.log Manager: list: Listing contexts for virtual host 'localhost'
10-Oct-2022 14:04:33.231 INFO [http-nio-8049-exec-1] org.apache.catalina.core.ApplicationContext.log Manager: list: Listing contexts for virtual host 'localhost'
10-Oct-2022 14:04:33.248 INFO [http-nio-8049-exec-8] org.apache.catalina.core.ApplicationContext.log Manager: stop: Stopping web application '/First'
10-Oct-2022 14:04:33.913 INFO [http-nio-8049-exec-1] org.apache.catalina.core.ApplicationContext.log Manager: start: Starting web application '/First'
10-Oct-2022 14:04:41.849 INFO [http-nio-8049-exec-2] org.apache.catalina.core.ApplicationContext.log Manager: list: Listing contexts for virtual host 'localhost'
10-Oct-2022 14:04:41.866 INFO [http-nio-8049-exec-4] org.apache.catalina.core.ApplicationContext.log Manager: list: Listing contexts for virtual host 'localhost'
10-Oct-2022 14:04:41.925 INFO [http-nio-8049-exec-11] org.apache.catalina.core.ApplicationContext.log Manager: stop: Stopping web application '/First'
10-Oct-2022 14:04:41.934 INFO [http-nio-8049-exec-5] org.apache.catalina.core.ApplicationContext.log Manager: start: Starting web application '/First'
10-Oct-2022 14:05:15.124 INFO [http-nio-8049-exec-10] org.apache.catalina.core.ApplicationContext.log Manager: list: Listing contexts for virtual host 'localhost'
10-Oct-2022 14:05:15.138 INFO [http-nio-8049-exec-4] org.apache.catalina.core.ApplicationContext.log Manager: list: Listing contexts for virtual host 'localhost'
10-Oct-2022 14:05:15.163 INFO [http-nio-8049-exec-5] org.apache.catalina.core.ApplicationContext.log Manager: stop: Stopping web application '/First'
10-Oct-2022 14:05:15.174 INFO [http-nio-8049-exec-13] org.apache.catalina.core.ApplicationContext.log Manager: start: Starting web application '/First'
10-Oct-2022 14:05:21.254 INFO [http-nio-8049-exec-9] org.apache.catalina.core.ApplicationContext.log Manager: list: Listing contexts for virtual host 'localhost'
10-Oct-2022 14:05:21.270 INFO [http-nio-8049-exec-5] org.apache.catalina.core.ApplicationContext.log Manager: list: Listing contexts for virtual host 'localhost'
10-Oct-2022 14:05:21.289 INFO [http-nio-8049-exec-14] org.apache.catalina.core.ApplicationContext.log Manager: stop: Stopping web application '/First'
10-Oct-2022 14:05:21.299 INFO [http-nio-8049-exec-13] org.apache.catalina.core.ApplicationContext.log Manager: start: Starting web application '/First'
10-Oct-2022 14:07:25.333 INFO [http-nio-8049-exec-16] org.apache.catalina.core.ApplicationContext.log Manager: list: Listing contexts for virtual host 'localhost'
10-Oct-2022 14:07:25.349 INFO [http-nio-8049-exec-15] org.apache.catalina.core.ApplicationContext.log Manager: list: Listing contexts for virtual host 'localhost'
10-Oct-2022 14:07:25.377 INFO [http-nio-8049-exec-18] org.apache.catalina.core.ApplicationContext.log Manager: undeploy: Undeploying web application at '/First'
10-Oct-2022 14:07:26.081 INFO [http-nio-8049-exec-13] org.apache.catalina.core.ApplicationContext.log Manager: install: Installing context configuration at 'file:/tmp/context9198744168389252634.xml'
10-Oct-2022 14:07:32.509 INFO [http-nio-8049-exec-18] org.apache.catalina.core.ApplicationContext.log Manager: list: Listing contexts for virtual host 'localhost'
10-Oct-2022 14:07:32.516 INFO [http-nio-8049-exec-16] org.apache.catalina.core.ApplicationContext.log Manager: list: Listing contexts for virtual host 'localhost'
10-Oct-2022 14:07:32.539 INFO [http-nio-8049-exec-15] org.apache.catalina.core.ApplicationContext.log Manager: stop: Stopping web application '/First'
10-Oct-2022 14:07:32.553 INFO [http-nio-8049-exec-13] org.apache.catalina.core.ApplicationContext.log Manager: start: Starting web application '/First'
10-Oct-2022 14:45:10.073 INFO [http-nio-8049-exec-21] org.apache.catalina.core.ApplicationContext.log Manager: list: Listing contexts for virtual host 'localhost'
10-Oct-2022 14:45:10.163 INFO [http-nio-8049-exec-28] org.apache.catalina.core.ApplicationContext.log Manager: list: Listing contexts for virtual host 'localhost'
10-Oct-2022 14:45:10.216 INFO [http-nio-8049-exec-29] org.apache.catalina.core.ApplicationContext.log Manager: undeploy: Undeploying web application at '/First'
10-Oct-2022 14:45:10.737 INFO [http-nio-8049-exec-30] org.apache.catalina.core.ApplicationContext.log Manager: install: Installing context configuration at 'file:/tmp/context13791383499233051988.xml'
10-Oct-2022 14:58:53.105 INFO [http-nio-8049-exec-40] org.apache.catalina.core.ApplicationContext.log Manager: list: Listing contexts for virtual host 'localhost'
10-Oct-2022 14:58:53.125 INFO [http-nio-8049-exec-35] org.apache.catalina.core.ApplicationContext.log Manager: list: Listing contexts for virtual host 'localhost'
10-Oct-2022 14:58:53.144 INFO [http-nio-8049-exec-38] org.apache.catalina.core.ApplicationContext.log Manager: undeploy: Undeploying web application at '/First'
10-Oct-2022 14:58:53.654 INFO [http-nio-8049-exec-40] org.apache.catalina.core.ApplicationContext.log Manager: install: Installing context configuration at 'file:/tmp/context3476803885684718553.xml'
10-Oct-2022 14:58:53.944 INFO [http-nio-8049-exec-36] org.apache.catalina.core.ApplicationContext.log Manager: list: Listing contexts for virtual host 'localhost'
10-Oct-2022 14:58:53.963 INFO [http-nio-8049-exec-35] org.apache.catalina.core.ApplicationContext.log Manager: list: Listing contexts for virtual host 'localhost'
10-Oct-2022 14:58:53.991 INFO [http-nio-8049-exec-34] org.apache.catalina.core.ApplicationContext.log Manager: undeploy: Undeploying web application at '/First'
10-Oct-2022 14:58:54.502 INFO [http-nio-8049-exec-31] org.apache.catalina.core.ApplicationContext.log Manager: install: Installing context configuration at 'file:/tmp/context5289808880581337905.xml'
10-Oct-2022 14:58:57.165 INFO [http-nio-8049-exec-36] org.apache.catalina.core.ApplicationContext.log Manager: list: Listing contexts for virtual host 'localhost'
10-Oct-2022 14:58:57.175 INFO [http-nio-8049-exec-34] org.apache.catalina.core.ApplicationContext.log Manager: list: Listing contexts for virtual host 'localhost'
10-Oct-2022 14:58:57.199 INFO [http-nio-8049-exec-39] org.apache.catalina.core.ApplicationContext.log Manager: stop: Stopping web application '/First'
10-Oct-2022 14:58:57.209 INFO [http-nio-8049-exec-31] org.apache.catalina.core.ApplicationContext.log Manager: start: Starting web application '/First'
10-Oct-2022 16:05:38.849 INFO [http-nio-8049-exec-49] org.apache.catalina.core.ApplicationContext.log Manager: list: Listing contexts for virtual host 'localhost'
10-Oct-2022 16:05:38.865 INFO [http-nio-8049-exec-50] org.apache.catalina.core.ApplicationContext.log Manager: list: Listing contexts for virtual host 'localhost'
10-Oct-2022 16:05:38.914 INFO [http-nio-8049-exec-51] org.apache.catalina.core.ApplicationContext.log Manager: undeploy: Undeploying web application at '/First'
10-Oct-2022 16:05:39.446 INFO [http-nio-8049-exec-52] org.apache.catalina.core.ApplicationContext.log Manager: install: Installing context configuration at 'file:/tmp/context5537830919922832228.xml'
10-Oct-2022 16:05:41.735 INFO [http-nio-8049-exec-44] org.apache.catalina.core.ApplicationContext.log Manager: list: Listing contexts for virtual host 'localhost'
10-Oct-2022 16:05:41.749 INFO [http-nio-8049-exec-47] org.apache.catalina.core.ApplicationContext.log Manager: list: Listing contexts for virtual host 'localhost'
10-Oct-2022 16:05:41.767 INFO [http-nio-8049-exec-49] org.apache.catalina.core.ApplicationContext.log Manager: stop: Stopping web application '/First'
10-Oct-2022 16:05:41.775 INFO [http-nio-8049-exec-48] org.apache.catalina.core.ApplicationContext.log Manager: start: Starting web application '/First'
10-Oct-2022 16:07:38.952 INFO [http-nio-8049-exec-50] org.apache.catalina.core.ApplicationContext.log Manager: list: Listing contexts for virtual host 'localhost'
10-Oct-2022 16:07:38.960 INFO [http-nio-8049-exec-46] org.apache.catalina.core.ApplicationContext.log Manager: list: Listing contexts for virtual host 'localhost'
10-Oct-2022 16:07:38.973 INFO [http-nio-8049-exec-56] org.apache.catalina.core.ApplicationContext.log Manager: undeploy: Undeploying web application at '/First'
10-Oct-2022 16:07:39.488 INFO [http-nio-8049-exec-48] org.apache.catalina.core.ApplicationContext.log Manager: install: Installing context configuration at 'file:/tmp/context12560428908331683312.xml'
10-Oct-2022 16:07:44.183 INFO [http-nio-8049-exec-58] org.apache.catalina.core.ApplicationContext.log Manager: list: Listing contexts for virtual host 'localhost'
10-Oct-2022 16:07:44.195 INFO [http-nio-8049-exec-50] org.apache.catalina.core.ApplicationContext.log Manager: list: Listing contexts for virtual host 'localhost'
10-Oct-2022 16:07:44.218 INFO [http-nio-8049-exec-49] org.apache.catalina.core.ApplicationContext.log Manager: stop: Stopping web application '/First'
10-Oct-2022 16:07:44.226 INFO [http-nio-8049-exec-48] org.apache.catalina.core.ApplicationContext.log Manager: start: Starting web application '/First'
10-Oct-2022 16:14:04.910 INFO [http-nio-8049-exec-6] org.apache.catalina.core.ApplicationContext.log Manager: init: Associated with Deployer 'Catalina:type=Deployer,host=localhost'
10-Oct-2022 16:14:04.911 INFO [http-nio-8049-exec-6] org.apache.catalina.core.ApplicationContext.log Manager: init: Global resources are available
10-Oct-2022 16:14:05.000 INFO [http-nio-8049-exec-1] org.apache.catalina.core.ApplicationContext.log Manager: list: Listing contexts for virtual host 'localhost'
10-Oct-2022 16:14:05.032 INFO [http-nio-8049-exec-10] org.apache.catalina.core.ApplicationContext.log Manager: list: Listing contexts for virtual host 'localhost'
10-Oct-2022 16:14:05.064 INFO [http-nio-8049-exec-2] org.apache.catalina.core.ApplicationContext.log Manager: stop: Stopping web application '/First'
10-Oct-2022 16:14:05.079 INFO [http-nio-8049-exec-3] org.apache.catalina.core.ApplicationContext.log Manager: start: Starting web application '/First'
10-Oct-2022 16:17:38.938 INFO [http-nio-8049-exec-12] org.apache.catalina.core.ApplicationContext.log Manager: list: Listing contexts for virtual host 'localhost'
10-Oct-2022 16:17:38.967 INFO [http-nio-8049-exec-13] org.apache.catalina.core.ApplicationContext.log Manager: restart: Reloading web application '/First'
10-Oct-2022 16:17:38.967 SEVERE [http-nio-8049-exec-13] org.apache.catalina.core.ApplicationContext.log Manager: Error reloading [/First]
	java.lang.IllegalStateException: Context with name [/First] has not yet been started
		at org.apache.catalina.core.StandardContext.reload(StandardContext.java:3762)
		at org.apache.catalina.manager.ManagerServlet.reload(ManagerServlet.java:1133)
		at org.apache.catalina.manager.ManagerServlet.doGet(ManagerServlet.java:368)
		at jakarta.servlet.http.HttpServlet.service(HttpServlet.java:668)
		at jakarta.servlet.http.HttpServlet.service(HttpServlet.java:777)
		at org.apache.catalina.core.ApplicationFilterChain.internalDoFilter(ApplicationFilterChain.java:223)
		at org.apache.catalina.core.ApplicationFilterChain.doFilter(ApplicationFilterChain.java:158)
		at org.apache.tomcat.websocket.server.WsFilter.doFilter(WsFilter.java:53)
		at org.apache.catalina.core.ApplicationFilterChain.internalDoFilter(ApplicationFilterChain.java:185)
		at org.apache.catalina.core.ApplicationFilterChain.doFilter(ApplicationFilterChain.java:158)
		at org.apache.catalina.filters.HttpHeaderSecurityFilter.doFilter(HttpHeaderSecurityFilter.java:126)
		at org.apache.catalina.core.ApplicationFilterChain.internalDoFilter(ApplicationFilterChain.java:185)
		at org.apache.catalina.core.ApplicationFilterChain.doFilter(ApplicationFilterChain.java:158)
		at org.apache.catalina.core.StandardWrapperValve.invoke(StandardWrapperValve.java:197)
		at org.apache.catalina.core.StandardContextValve.invoke(StandardContextValve.java:97)
		at org.apache.catalina.authenticator.AuthenticatorBase.invoke(AuthenticatorBase.java:661)
		at org.apache.catalina.valves.RequestFilterValve.process(RequestFilterValve.java:378)
		at org.apache.catalina.valves.RemoteAddrValve.invoke(RemoteAddrValve.java:56)
		at org.apache.catalina.core.StandardHostValve.invoke(StandardHostValve.java:119)
		at org.apache.catalina.valves.ErrorReportValve.invoke(ErrorReportValve.java:92)
		at org.apache.catalina.valves.AbstractAccessLogValve.invoke(AbstractAccessLogValve.java:690)
		at org.apache.catalina.core.StandardEngineValve.invoke(StandardEngineValve.java:78)
		at org.apache.catalina.connector.CoyoteAdapter.service(CoyoteAdapter.java:356)
		at org.apache.coyote.http11.Http11Processor.service(Http11Processor.java:399)
		at org.apache.coyote.AbstractProcessorLight.process(AbstractProcessorLight.java:65)
		at org.apache.coyote.AbstractProtocol$ConnectionHandler.process(AbstractProtocol.java:867)
		at org.apache.tomcat.util.net.NioEndpoint$SocketProcessor.doRun(NioEndpoint.java:1762)
		at org.apache.tomcat.util.net.SocketProcessorBase.run(SocketProcessorBase.java:49)
		at org.apache.tomcat.util.threads.ThreadPoolExecutor.runWorker(ThreadPoolExecutor.java:1191)
		at org.apache.tomcat.util.threads.ThreadPoolExecutor$Worker.run(ThreadPoolExecutor.java:659)
		at org.apache.tomcat.util.threads.TaskThread$WrappingRunnable.run(TaskThread.java:61)
		at java.base/java.lang.Thread.run(Thread.java:829)
10-Oct-2022 16:17:45.924 INFO [http-nio-8049-exec-6] org.apache.catalina.core.ApplicationContext.log Manager: list: Listing contexts for virtual host 'localhost'
10-Oct-2022 16:17:45.942 INFO [http-nio-8049-exec-16] org.apache.catalina.core.ApplicationContext.log Manager: list: Listing contexts for virtual host 'localhost'
10-Oct-2022 16:17:45.973 INFO [http-nio-8049-exec-12] org.apache.catalina.core.ApplicationContext.log Manager: stop: Stopping web application '/First'
10-Oct-2022 16:17:45.986 INFO [http-nio-8049-exec-13] org.apache.catalina.core.ApplicationContext.log Manager: start: Starting web application '/First'
10-Oct-2022 16:19:14.021 INFO [http-nio-8049-exec-14] org.apache.catalina.core.ApplicationContext.log Manager: list: Listing contexts for virtual host 'localhost'
10-Oct-2022 16:19:14.031 INFO [http-nio-8049-exec-11] org.apache.catalina.core.ApplicationContext.log Manager: list: Listing contexts for virtual host 'localhost'
10-Oct-2022 16:19:14.047 INFO [http-nio-8049-exec-19] org.apache.catalina.core.ApplicationContext.log Manager: undeploy: Undeploying web application at '/First'
10-Oct-2022 16:19:14.589 INFO [http-nio-8049-exec-13] org.apache.catalina.core.ApplicationContext.log Manager: install: Installing context configuration at 'file:/tmp/context13573788833872188885.xml'
10-Oct-2022 16:19:18.028 INFO [http-nio-8049-exec-13] org.apache.catalina.core.ApplicationContext.log Manager: list: Listing contexts for virtual host 'localhost'
10-Oct-2022 16:19:18.040 INFO [http-nio-8049-exec-18] org.apache.catalina.core.ApplicationContext.log Manager: list: Listing contexts for virtual host 'localhost'
10-Oct-2022 16:19:18.101 INFO [http-nio-8049-exec-2] org.apache.catalina.core.ApplicationContext.log Manager: stop: Stopping web application '/First'
10-Oct-2022 16:19:18.115 INFO [http-nio-8049-exec-13] org.apache.catalina.core.ApplicationContext.log Manager: start: Starting web application '/First'
10-Oct-2022 16:22:31.292 INFO [http-nio-8049-exec-24] org.apache.catalina.core.ApplicationContext.log Manager: list: Listing contexts for virtual host 'localhost'
10-Oct-2022 16:22:31.301 INFO [http-nio-8049-exec-6] org.apache.catalina.core.ApplicationContext.log Manager: list: Listing contexts for virtual host 'localhost'
10-Oct-2022 16:22:31.325 INFO [http-nio-8049-exec-15] org.apache.catalina.core.ApplicationContext.log Manager: undeploy: Undeploying web application at '/First'
10-Oct-2022 16:22:31.844 INFO [http-nio-8049-exec-13] org.apache.catalina.core.ApplicationContext.log Manager: install: Installing context configuration at 'file:/tmp/context3923045627548593857.xml'
10-Oct-2022 16:22:34.800 INFO [http-nio-8049-exec-15] org.apache.catalina.core.ApplicationContext.log Manager: list: Listing contexts for virtual host 'localhost'
10-Oct-2022 16:22:34.813 INFO [http-nio-8049-exec-11] org.apache.catalina.core.ApplicationContext.log Manager: list: Listing contexts for virtual host 'localhost'
10-Oct-2022 16:22:34.834 INFO [http-nio-8049-exec-26] org.apache.catalina.core.ApplicationContext.log Manager: stop: Stopping web application '/First'
10-Oct-2022 16:22:34.844 INFO [http-nio-8049-exec-13] org.apache.catalina.core.ApplicationContext.log Manager: start: Starting web application '/First'
10-Oct-2022 16:26:13.380 INFO [http-nio-8049-exec-14] org.apache.catalina.core.ApplicationContext.log Manager: list: Listing contexts for virtual host 'localhost'
10-Oct-2022 16:26:13.403 INFO [http-nio-8049-exec-11] org.apache.catalina.core.ApplicationContext.log Manager: list: Listing contexts for virtual host 'localhost'
10-Oct-2022 16:26:13.433 INFO [http-nio-8049-exec-31] org.apache.catalina.core.ApplicationContext.log Manager: undeploy: Undeploying web application at '/First'
10-Oct-2022 16:26:13.948 INFO [http-nio-8049-exec-13] org.apache.catalina.core.ApplicationContext.log Manager: install: Installing context configuration at 'file:/tmp/context10108503495774687123.xml'
10-Oct-2022 16:26:39.163 INFO [http-nio-8049-exec-33] org.apache.catalina.core.ApplicationContext.log Manager: list: Listing contexts for virtual host 'localhost'
10-Oct-2022 16:26:39.175 INFO [http-nio-8049-exec-28] org.apache.catalina.core.ApplicationContext.log Manager: list: Listing contexts for virtual host 'localhost'
10-Oct-2022 16:26:39.204 INFO [http-nio-8049-exec-30] org.apache.catalina.core.ApplicationContext.log Manager: undeploy: Undeploying web application at '/First'
10-Oct-2022 16:26:39.715 INFO [http-nio-8049-exec-31] org.apache.catalina.core.ApplicationContext.log Manager: install: Installing context configuration at 'file:/tmp/context5638957904300503896.xml'
10-Oct-2022 16:26:40.075 INFO [http-nio-8049-exec-28] org.apache.catalina.core.ApplicationContext.log Manager: list: Listing contexts for virtual host 'localhost'
10-Oct-2022 16:26:40.092 INFO [http-nio-8049-exec-34] org.apache.catalina.core.ApplicationContext.log Manager: list: Listing contexts for virtual host 'localhost'
10-Oct-2022 16:26:40.172 INFO [http-nio-8049-exec-11] org.apache.catalina.core.ApplicationContext.log Manager: undeploy: Undeploying web application at '/First'
10-Oct-2022 16:26:40.685 INFO [http-nio-8049-exec-31] org.apache.catalina.core.ApplicationContext.log Manager: install: Installing context configuration at 'file:/tmp/context1721394505568941935.xml'
10-Oct-2022 16:26:43.300 INFO [http-nio-8049-exec-30] org.apache.catalina.core.ApplicationContext.log Manager: list: Listing contexts for virtual host 'localhost'
10-Oct-2022 16:26:43.318 INFO [http-nio-8049-exec-28] org.apache.catalina.core.ApplicationContext.log Manager: list: Listing contexts for virtual host 'localhost'
10-Oct-2022 16:26:43.340 INFO [http-nio-8049-exec-13] org.apache.catalina.core.ApplicationContext.log Manager: stop: Stopping web application '/First'
10-Oct-2022 16:26:43.349 INFO [http-nio-8049-exec-31] org.apache.catalina.core.ApplicationContext.log Manager: start: Starting web application '/First'
10-Oct-2022 16:27:21.125 INFO [http-nio-8049-exec-32] org.apache.catalina.core.ApplicationContext.log Manager: list: Listing contexts for virtual host 'localhost'
10-Oct-2022 16:27:21.140 INFO [http-nio-8049-exec-36] org.apache.catalina.core.ApplicationContext.log Manager: list: Listing contexts for virtual host 'localhost'
10-Oct-2022 16:27:21.156 INFO [http-nio-8049-exec-31] org.apache.catalina.core.ApplicationContext.log Manager: undeploy: Undeploying web application at '/First'
10-Oct-2022 16:27:21.672 INFO [http-nio-8049-exec-37] org.apache.catalina.core.ApplicationContext.log Manager: install: Installing context configuration at 'file:/tmp/context10995833627901358707.xml'
10-Oct-2022 16:27:24.536 INFO [http-nio-8049-exec-35] org.apache.catalina.core.ApplicationContext.log Manager: list: Listing contexts for virtual host 'localhost'
10-Oct-2022 16:27:24.549 INFO [http-nio-8049-exec-34] org.apache.catalina.core.ApplicationContext.log Manager: list: Listing contexts for virtual host 'localhost'
10-Oct-2022 16:27:24.582 INFO [http-nio-8049-exec-36] org.apache.catalina.core.ApplicationContext.log Manager: stop: Stopping web application '/First'
10-Oct-2022 16:27:24.592 INFO [http-nio-8049-exec-37] org.apache.catalina.core.ApplicationContext.log Manager: start: Starting web application '/First'
10-Oct-2022 16:27:40.232 INFO [http-nio-8049-exec-15] org.apache.catalina.core.ApplicationContext.log Manager: list: Listing contexts for virtual host 'localhost'
10-Oct-2022 16:27:40.247 INFO [http-nio-8049-exec-34] org.apache.catalina.core.ApplicationContext.log Manager: list: Listing contexts for virtual host 'localhost'
10-Oct-2022 16:27:40.260 INFO [http-nio-8049-exec-39] org.apache.catalina.core.ApplicationContext.log Manager: undeploy: Undeploying web application at '/First'
10-Oct-2022 16:27:40.773 INFO [http-nio-8049-exec-37] org.apache.catalina.core.ApplicationContext.log Manager: install: Installing context configuration at 'file:/tmp/context15008845570216632152.xml'
10-Oct-2022 16:27:44.367 INFO [http-nio-8049-exec-32] org.apache.catalina.core.ApplicationContext.log Manager: list: Listing contexts for virtual host 'localhost'
10-Oct-2022 16:27:44.379 INFO [http-nio-8049-exec-6] org.apache.catalina.core.ApplicationContext.log Manager: list: Listing contexts for virtual host 'localhost'
10-Oct-2022 16:27:44.405 INFO [http-nio-8049-exec-28] org.apache.catalina.core.ApplicationContext.log Manager: stop: Stopping web application '/First'
10-Oct-2022 16:27:44.413 INFO [http-nio-8049-exec-37] org.apache.catalina.core.ApplicationContext.log Manager: start: Starting web application '/First'
